epoch,accuracy,loss,val_accuracy,val_loss
0,0.1111111119389534,3.4341368675231934,0.09734513610601425,2.30692720413208
1,0.09090909361839294,3.202766180038452,0.10619468986988068,2.308399200439453
2,0.12457912415266037,2.8954074382781982,0.10619468986988068,2.3078739643096924
3,0.1430976390838623,2.7246086597442627,0.06194690242409706,2.3179030418395996
4,0.14646464586257935,2.717367172241211,0.0796460211277008,2.3126330375671387
5,0.1750841736793518,2.5801546573638916,0.07079645991325378,2.3140182495117188
6,0.21212121844291687,2.5800743103027344,0.06194690242409706,2.325782537460327
7,0.25925925374031067,2.4517502784729004,0.0796460211277008,2.31298565864563
8,0.29797980189323425,2.3099939823150635,0.12389380484819412,2.2913498878479004
9,0.3821548819541931,2.006007432937622,0.12389380484819412,2.3061907291412354
10,0.40740740299224854,1.8195184469223022,0.14159291982650757,2.296189546585083
11,0.4747474789619446,1.6394120454788208,0.1150442510843277,2.318037509918213
12,0.5303030014038086,1.383484125137329,0.10619468986988068,2.303617000579834
13,0.6767676472663879,1.0742915868759155,0.1592920422554016,2.2731165885925293
14,0.7104377150535583,0.832732617855072,0.14159291982650757,2.278684377670288
15,0.7727272510528564,0.6533251404762268,0.14159291982650757,2.328213930130005
16,0.8215488195419312,0.5535526275634766,0.13274335861206055,2.27038311958313
17,0.875420868396759,0.4071859121322632,0.14159291982650757,2.270664930343628
18,0.9090909361839294,0.3247171640396118,0.1150442510843277,2.30019474029541
19,0.9191918969154358,0.2775523066520691,0.14159291982650757,2.238598585128784
20,0.932659924030304,0.24816574156284332,0.13274335861206055,2.2889325618743896
21,0.936026930809021,0.25656917691230774,0.12389380484819412,2.278787612915039
22,0.9713804721832275,0.1427370011806488,0.09734513610601425,2.3173458576202393
23,0.9444444179534912,0.2105388194322586,0.29203540086746216,2.1271564960479736
24,0.9494949579238892,0.17468693852424622,0.2743362784385681,2.1603269577026367
25,0.9680134654045105,0.13176944851875305,0.2566371560096741,2.083394765853882
26,0.9629629850387573,0.1426653265953064,0.3097345232963562,2.1508419513702393
27,0.9764309525489807,0.11012149602174759,0.3362831771373749,2.232872724533081
28,0.9747474789619446,0.09822818636894226,0.2300885021686554,2.2680835723876953
29,0.9814814925193787,0.08368951827287674,0.37168142199516296,2.1478195190429688
30,0.9882155060768127,0.06444341689348221,0.29203540086746216,2.299980878829956
31,0.9848484992980957,0.05893154442310333,0.3451327383518219,2.155712127685547
32,0.9882155060768127,0.05559184029698372,0.3539822995662689,2.3552889823913574
33,0.9882155060768127,0.05273882672190666,0.38053098320961,2.4469616413116455
34,0.9915825128555298,0.05234631896018982,0.36283186078071594,2.544523239135742
35,0.9915825128555298,0.04378726705908775,0.36283186078071594,2.5640649795532227
36,0.9949495196342468,0.03329336270689964,0.3451327383518219,2.667464256286621
37,0.996632993221283,0.03551764786243439,0.3451327383518219,2.8435981273651123
38,0.9898989796638489,0.039777372032403946,0.4247787594795227,2.9105687141418457
39,0.9898989796638489,0.041384752839803696,0.3097345232963562,3.224212646484375
40,0.9915825128555298,0.037149302661418915,0.32743361592292786,3.375836133956909
41,0.9932659864425659,0.03198658674955368,0.3362831771373749,2.899806499481201
42,0.9932659864425659,0.031878404319286346,0.39823007583618164,3.36079478263855
43,0.9882155060768127,0.04388173297047615,0.3362831771373749,3.6477136611938477
44,0.9949495196342468,0.035956814885139465,0.3097345232963562,3.9141592979431152
45,0.9932659864425659,0.02708790823817253,0.32743361592292786,3.619199752807617
46,0.9983165264129639,0.02197064273059368,0.37168142199516296,3.60174298286438
47,0.996632993221283,0.022866681218147278,0.36283186078071594,3.539640426635742
48,0.9932659864425659,0.01825912483036518,0.39823007583618164,3.458205461502075
49,0.996632993221283,0.027677344158291817,0.40707963705062866,3.908416986465454
50,0.9983165264129639,0.01895645074546337,0.36283186078071594,4.0586748123168945
51,1.0,0.015812095254659653,0.3539822995662689,3.63070011138916
52,1.0,0.010941524989902973,0.38053098320961,3.6089768409729004
53,0.9983165264129639,0.016602225601673126,0.3451327383518219,3.600041389465332
54,0.9983165264129639,0.013927883468568325,0.37168142199516296,3.901940107345581
55,0.9932659864425659,0.01653183437883854,0.32743361592292786,3.8508145809173584
56,0.9898989796638489,0.035629868507385254,0.36283186078071594,4.147606372833252
57,0.9932659864425659,0.02535095438361168,0.3185840845108032,4.496546268463135
58,0.9949495196342468,0.016537290066480637,0.32743361592292786,4.178750991821289
59,0.996632993221283,0.014310049824416637,0.3362831771373749,4.10044527053833
60,0.9949495196342468,0.016622314229607582,0.32743361592292786,3.8552122116088867
61,0.9949495196342468,0.01789277233183384,0.3185840845108032,4.0368499755859375
62,0.9983165264129639,0.012302303686738014,0.3451327383518219,4.019229888916016
63,0.996632993221283,0.023452389985322952,0.3539822995662689,4.081079006195068
64,1.0,0.009616288356482983,0.3539822995662689,4.0312652587890625
65,0.9983165264129639,0.015275378711521626,0.36283186078071594,3.608325242996216
66,1.0,0.011017790995538235,0.389380544424057,3.781895399093628
67,0.9983165264129639,0.010677867569029331,0.389380544424057,3.836195945739746
68,0.9983165264129639,0.011508849449455738,0.38053098320961,4.071289539337158
69,0.9983165264129639,0.006589713040739298,0.389380544424057,4.274281978607178
70,0.996632993221283,0.012587087228894234,0.389380544424057,4.181407928466797
71,0.9983165264129639,0.012706812471151352,0.36283186078071594,4.335877418518066
72,0.9983165264129639,0.012109775096178055,0.32743361592292786,4.229711532592773
73,0.9932659864425659,0.01970003731548786,0.38053098320961,3.517270565032959
74,0.9983165264129639,0.01920616440474987,0.40707963705062866,3.494453191757202
75,0.996632993221283,0.017643218860030174,0.389380544424057,3.7756152153015137
76,0.9983165264129639,0.008452052250504494,0.38053098320961,3.90727162361145
77,1.0,0.005807699169963598,0.38053098320961,3.899397850036621
78,1.0,0.0075537413358688354,0.32743361592292786,3.879565954208374
79,0.9983165264129639,0.010472090914845467,0.3539822995662689,3.9772305488586426
80,1.0,0.006645378656685352,0.4159291982650757,4.448635101318359
81,1.0,0.004944434389472008,0.36283186078071594,4.32611608505249
82,0.9983165264129639,0.009094038978219032,0.3185840845108032,4.339452743530273
83,0.9983165264129639,0.010029125027358532,0.3451327383518219,3.9544482231140137
84,1.0,0.007106938399374485,0.3539822995662689,3.7596187591552734
85,0.9983165264129639,0.011451628990471363,0.37168142199516296,3.8175220489501953
86,1.0,0.005787057802081108,0.3451327383518219,4.088680744171143
87,1.0,0.0036072044167667627,0.3362831771373749,4.121762275695801
88,1.0,0.003933186177164316,0.3539822995662689,4.079389572143555
89,1.0,0.004710168577730656,0.37168142199516296,3.8881118297576904
90,1.0,0.00423651235178113,0.37168142199516296,3.9258499145507812
91,1.0,0.0028847106732428074,0.38053098320961,4.153860569000244
92,1.0,0.004397784359753132,0.38053098320961,4.0425286293029785
93,0.9983165264129639,0.004934138152748346,0.3539822995662689,3.9246222972869873
94,1.0,0.0038100038655102253,0.36283186078071594,4.0815815925598145
95,1.0,0.002924991538748145,0.3539822995662689,3.931959390640259
96,0.9983165264129639,0.005133567377924919,0.38053098320961,4.186217308044434
97,1.0,0.004319520201534033,0.37168142199516296,4.156472682952881
98,0.9983165264129639,0.004728776402771473,0.38053098320961,4.084042549133301
99,0.9983165264129639,0.008826601319015026,0.3362831771373749,4.2462873458862305
