epoch,accuracy,loss,val_accuracy,val_loss
0,0.0881863534450531,3.27638578414917,0.10439560562372208,2.302896022796631
1,0.0973377674818039,3.1554908752441406,0.10439560562372208,2.3019015789031982
2,0.11231280863285065,3.0185141563415527,0.11538461595773697,2.3023362159729004
3,0.09567387402057648,3.0705788135528564,0.10439560562372208,2.305616855621338
4,0.09567387402057648,2.551090955734253,0.09340659528970718,2.3089020252227783
5,0.10648918151855469,2.3275082111358643,0.09340659528970718,2.3064169883728027
6,0.10399334132671356,2.32049298286438,0.1318681389093399,2.3032913208007812
7,0.1364392638206482,2.28554368019104,0.11538461595773697,2.302292823791504
8,0.1755407601594925,2.243762493133545,0.14835165441036224,2.2986326217651367
9,0.1846921741962433,2.22055983543396,0.12637363374233246,2.2912652492523193
10,0.23128119111061096,2.1507315635681152,0.10989011079072952,2.3178415298461914
11,0.23793676495552063,2.10278058052063,0.08791209012269974,2.315513849258423
12,0.2820299565792084,2.037379264831543,0.09340659528970718,2.2983202934265137
13,0.2820299565792084,1.987706184387207,0.1428571492433548,2.305061101913452
14,0.3236272931098938,1.9184931516647339,0.1538461595773697,2.283548593521118
15,0.351081520318985,1.8445115089416504,0.1428571492433548,2.398207664489746
16,0.3843593895435333,1.763877034187317,0.14835165441036224,2.4442057609558105
17,0.3901830315589905,1.7194088697433472,0.19780220091342926,2.5356035232543945
18,0.44758734107017517,1.570696234703064,0.18131868541240692,2.392092227935791
19,0.46422627568244934,1.5577292442321777,0.11538461595773697,3.319979429244995
20,0.4816971719264984,1.4962573051452637,0.1428571492433548,3.152905225753784
21,0.5216306447982788,1.397912621498108,0.11538461595773697,4.912241458892822
22,0.5424292683601379,1.315450668334961,0.14835165441036224,5.261605739593506
23,0.5407654047012329,1.3220562934875488,0.18131868541240692,3.4132180213928223
24,0.5732113122940063,1.2322609424591064,0.10439560562372208,6.096044540405273
25,0.5915141701698303,1.1508831977844238,0.30219781398773193,3.2543468475341797
26,0.6447587609291077,1.0577399730682373,0.2857142984867096,2.8145718574523926
27,0.6447587609291077,1.0124603509902954,0.26923078298568726,2.684948682785034
28,0.662229597568512,0.9825313687324524,0.30219781398773193,2.8850462436676025
29,0.6738768815994263,0.9704484343528748,0.2857142984867096,2.51383376121521
30,0.6971713900566101,0.8878182768821716,0.21978022158145905,2.7040233612060547
31,0.7079867124557495,0.8841369152069092,0.2252747267484665,2.835555076599121
32,0.7587354183197021,0.7416297793388367,0.2252747267484665,3.8215420246124268
33,0.7678868770599365,0.7298972606658936,0.3791208863258362,2.872676372528076
34,0.7678868770599365,0.7001251578330994,0.3681318759918213,2.6396877765655518
35,0.777870237827301,0.6747782230377197,0.3571428656578064,2.4971017837524414
36,0.8028286099433899,0.6240657567977905,0.38461539149284363,2.9568591117858887
37,0.8011647462844849,0.6065285801887512,0.23626373708248138,4.58984899520874
38,0.8119800090789795,0.5603917837142944,0.4065934121608734,3.0051820278167725
39,0.8352745175361633,0.504257321357727,0.23076923191547394,4.4160590171813965
40,0.8186355829238892,0.5203288197517395,0.2252747267484665,4.645431995391846
41,0.8477537631988525,0.48131030797958374,0.14835165441036224,6.875056266784668
42,0.8519134521484375,0.44460755586624146,0.23626373708248138,3.542098045349121
43,0.8693843483924866,0.42550331354141235,0.18131868541240692,6.339383602142334
44,0.8627287745475769,0.42330437898635864,0.17582418024539948,5.602574825286865
45,0.8843594193458557,0.36809223890304565,0.20879121124744415,6.955569744110107
46,0.8718801736831665,0.3802991807460785,0.3131868243217468,5.162834167480469
47,0.8743760585784912,0.3856085240840912,0.23626373708248138,4.343149662017822
48,0.8851913213729858,0.378630131483078,0.3461538553237915,3.1730685234069824
49,0.9101497530937195,0.2958296537399292,0.41208791732788086,3.3823792934417725
50,0.9034941792488098,0.31842121481895447,0.2967033088207245,4.926990509033203
51,0.8943427801132202,0.32620474696159363,0.4065934121608734,3.4050052165985107
52,0.8901830315589905,0.33240175247192383,0.450549453496933,3.46435284614563
53,0.8968386054039001,0.3148268461227417,0.4175824224948883,3.0283493995666504
54,0.9109817147254944,0.2770519554615021,0.48351648449897766,2.64176869392395
55,0.9126455783843994,0.2812764048576355,0.40109890699386597,3.374650239944458
56,0.9009983539581299,0.2852875292301178,0.43406593799591064,3.525233268737793
57,0.917637288570404,0.2660713493824005,0.41208791732788086,3.8516221046447754
58,0.9101497530937195,0.2766421139240265,0.34065935015678406,4.045770645141602
59,0.9276206493377686,0.24285520613193512,0.29120880365371704,4.803129196166992
60,0.9051580429077148,0.26124751567840576,0.37362638115882874,4.508519649505615
61,0.920133113861084,0.23471899330615997,0.5109890103340149,2.515291690826416
62,0.9334442615509033,0.21984517574310303,0.3571428656578064,3.6020374298095703
63,0.9484192728996277,0.18904779851436615,0.4065934121608734,3.184069871902466
64,0.9351081252098083,0.21797262132167816,0.4615384638309479,3.1528732776641846
65,0.9351081252098083,0.20771081745624542,0.4285714328289032,4.126583099365234
66,0.9284525513648987,0.21775446832180023,0.3901098966598511,3.6715357303619385
67,0.9326122999191284,0.20259849727153778,0.42307692766189575,3.6431734561920166
68,0.9367720484733582,0.19394636154174805,0.3901098966598511,3.5361404418945312
69,0.9242928624153137,0.23331521451473236,0.35164836049079895,3.990281343460083
70,0.9276206493377686,0.20937009155750275,0.32967033982276917,2.9947164058685303
71,0.921796977519989,0.21294833719730377,0.45604395866394043,3.169455051422119
72,0.9425956606864929,0.1873237043619156,0.45604395866394043,3.5508687496185303
73,0.940099835395813,0.18833668529987335,0.4395604431629181,3.97143816947937
74,0.9334442615509033,0.19243155419826508,0.41208791732788086,3.3293256759643555
75,0.941763699054718,0.16315044462680817,0.37362638115882874,4.032690048217773
76,0.9475873708724976,0.18080772459506989,0.3571428656578064,4.2996392250061035
77,0.9425956606864929,0.18539947271347046,0.3351648449897766,3.7910711765289307
78,0.941763699054718,0.17288927733898163,0.4395604431629181,3.8237338066101074
79,0.9425956606864929,0.17127107083797455,0.5109890103340149,3.3171396255493164
80,0.9409317970275879,0.18359635770320892,0.45604395866394043,3.633467197418213
81,0.9608985185623169,0.13448713719844818,0.4890109896659851,2.8948166370391846
82,0.9409317970275879,0.1794348657131195,0.3131868243217468,7.14537239074707
83,0.9542429447174072,0.1388840228319168,0.32967033982276917,5.72112512588501
84,0.9484192728996277,0.1665395200252533,0.3571428656578064,5.196774005889893
85,0.9509151577949524,0.14044158160686493,0.3571428656578064,4.232162952423096
86,0.9575707316398621,0.1346195489168167,0.37362638115882874,4.8607635498046875
87,0.9625623822212219,0.11575599014759064,0.44505494832992554,3.4576690196990967
88,0.9592345952987671,0.1297300010919571,0.4395604431629181,3.4379661083221436
89,0.9683859944343567,0.10931180417537689,0.42307692766189575,3.198683738708496
90,0.9608985185623169,0.11762715876102448,0.35164836049079895,4.769079208374023
91,0.9517470598220825,0.14388450980186462,0.47252747416496277,3.0042600631713867
92,0.9525790214538574,0.13603591918945312,0.43406593799591064,4.281261444091797
93,0.9500831961631775,0.15362654626369476,0.4285714328289032,3.2484545707702637
94,0.9567387700080872,0.13017414510250092,0.4395604431629181,3.758793830871582
95,0.9567387700080872,0.1332956999540329,0.3186813294887543,4.2743425369262695
96,0.9575707316398621,0.13528965413570404,0.3956044018268585,3.8595728874206543
97,0.9517470598220825,0.15133540332317352,0.44505494832992554,3.853900909423828
98,0.961730420589447,0.13049982488155365,0.4395604431629181,5.0436482429504395
99,0.9450914859771729,0.15433359146118164,0.4395604431629181,3.6406304836273193
